# JRE version: Java(TM) SE Runtime Environment (8.0_221-b11) (build 1.8.0_221-b11)
# Java VM: Java HotSpot(TM) 64-Bit Server VM (25.221-b11 mixed mode linux-amd64 compressed oops)
Heap:
 PSYoungGen      total 36864K, used 21885K [0x00000000d7180000, 0x00000000db980000, 0x0000000100000000)
  eden space 31744K, 68% used [0x00000000d7180000,0x00000000d86df578,0x00000000d9080000)
  from space 5120K, 0% used [0x00000000d9080000,0x00000000d9080000,0x00000000d9580000)
  to   space 5120K, 0% used [0x00000000db480000,0x00000000db480000,0x00000000db980000)
 ParOldGen       total 47104K, used 8421K [0x0000000085400000, 0x0000000088200000, 0x00000000d7180000)
  object space 47104K, 17% used [0x0000000085400000,0x0000000085c396f0,0x0000000088200000)
 Metaspace       used 23118K, capacity 24642K, committed 24832K, reserved 1071104K
  class space    used 3228K, capacity 3518K, committed 3584K, reserved 1048576K
GC Heap History (8 events):
Event: 0.787 GC heap before
{Heap before GC invocations=1 (full 0):
 PSYoungGen      total 36864K, used 31744K [0x00000000d7180000, 0x00000000d9a80000, 0x0000000100000000)
  eden space 31744K, 100% used [0x00000000d7180000,0x00000000d9080000,0x00000000d9080000)
  from space 5120K, 0% used [0x00000000d9580000,0x00000000d9580000,0x00000000d9a80000)
  to   space 5120K, 0% used [0x00000000d9080000,0x00000000d9080000,0x00000000d9580000)
 ParOldGen       total 84992K, used 0K [0x0000000085400000, 0x000000008a700000, 0x00000000d7180000)
  object space 84992K, 0% used [0x0000000085400000,0x0000000085400000,0x000000008a700000)
 Metaspace       used 12776K, capacity 13190K, committed 13440K, reserved 1060864K
  class space    used 1741K, capacity 1860K, committed 1920K, reserved 1048576K
Event: 0.794 GC heap after
Heap after GC invocations=1 (full 0):
 PSYoungGen      total 36864K, used 3920K [0x00000000d7180000, 0x00000000d9a80000, 0x0000000100000000)
  eden space 31744K, 0% used [0x00000000d7180000,0x00000000d7180000,0x00000000d9080000)
  from space 5120K, 76% used [0x00000000d9080000,0x00000000d9454030,0x00000000d9580000)
  to   space 5120K, 0% used [0x00000000d9580000,0x00000000d9580000,0x00000000d9a80000)
 ParOldGen       total 84992K, used 80K [0x0000000085400000, 0x000000008a700000, 0x00000000d7180000)
  object space 84992K, 0% used [0x0000000085400000,0x0000000085414010,0x000000008a700000)
 Metaspace       used 12776K, capacity 13190K, committed 13440K, reserved 1060864K
  class space    used 1741K, capacity 1860K, committed 1920K, reserved 1048576K
}
Event: 5.568 GC heap before
{Heap before GC invocations=2 (full 0):
 PSYoungGen      total 36864K, used 35664K [0x00000000d7180000, 0x00000000d9a80000, 0x0000000100000000)
  eden space 31744K, 100% used [0x00000000d7180000,0x00000000d9080000,0x00000000d9080000)
  from space 5120K, 76% used [0x00000000d9080000,0x00000000d9454030,0x00000000d9580000)
  to   space 5120K, 0% used [0x00000000d9580000,0x00000000d9580000,0x00000000d9a80000)
 ParOldGen       total 84992K, used 80K [0x0000000085400000, 0x000000008a700000, 0x00000000d7180000)
  object space 84992K, 0% used [0x0000000085400000,0x0000000085414010,0x000000008a700000)
 Metaspace       used 20215K, capacity 21124K, committed 21248K, reserved 1067008K
  class space    used 2806K, capacity 3009K, committed 3072K, reserved 1048576K
Event: 5.575 GC heap after
Heap after GC invocations=2 (full 0):
 PSYoungGen      total 36864K, used 5088K [0x00000000d7180000, 0x00000000d9a80000, 0x0000000100000000)
  eden space 31744K, 0% used [0x00000000d7180000,0x00000000d7180000,0x00000000d9080000)
  from space 5120K, 99% used [0x00000000d9580000,0x00000000d9a780c0,0x00000000d9a80000)
  to   space 5120K, 0% used [0x00000000d9080000,0x00000000d9080000,0x00000000d9580000)
 ParOldGen       total 84992K, used 3592K [0x0000000085400000, 0x000000008a700000, 0x00000000d7180000)
  object space 84992K, 4% used [0x0000000085400000,0x00000000857822a0,0x000000008a700000)
 Metaspace       used 20215K, capacity 21124K, committed 21248K, reserved 1067008K
  class space    used 2806K, capacity 3009K, committed 3072K, reserved 1048576K
}
Event: 5.588 GC heap before
{Heap before GC invocations=3 (full 0):
 PSYoungGen      total 36864K, used 5689K [0x00000000d7180000, 0x00000000d9a80000, 0x0000000100000000)
  eden space 31744K, 1% used [0x00000000d7180000,0x00000000d7216350,0x00000000d9080000)
  from space 5120K, 99% used [0x00000000d9580000,0x00000000d9a780c0,0x00000000d9a80000)
  to   space 5120K, 0% used [0x00000000d9080000,0x00000000d9080000,0x00000000d9580000)
 ParOldGen       total 84992K, used 3592K [0x0000000085400000, 0x000000008a700000, 0x00000000d7180000)
  object space 84992K, 4% used [0x0000000085400000,0x00000000857822a0,0x000000008a700000)
 Metaspace       used 20321K, capacity 21224K, committed 21248K, reserved 1067008K
  class space    used 2832K, capacity 3055K, committed 3072K, reserved 1048576K
Event: 5.591 GC heap after
Heap after GC invocations=3 (full 0):
 PSYoungGen      total 36864K, used 5104K [0x00000000d7180000, 0x00000000db980000, 0x0000000100000000)
  eden space 31744K, 0% used [0x00000000d7180000,0x00000000d7180000,0x00000000d9080000)
  from space 5120K, 99% used [0x00000000d9080000,0x00000000d957c090,0x00000000d9580000)
  to   space 5120K, 0% used [0x00000000db480000,0x00000000db480000,0x00000000db980000)
 ParOldGen       total 84992K, used 3616K [0x0000000085400000, 0x000000008a700000, 0x00000000d7180000)
  object space 84992K, 4% used [0x0000000085400000,0x00000000857882a0,0x000000008a700000)
 Metaspace       used 20321K, capacity 21224K, committed 21248K, reserved 1067008K
  class space    used 2832K, capacity 3055K, committed 3072K, reserved 1048576K
}
Event: 5.591 GC heap before
{Heap before GC invocations=4 (full 1):
 PSYoungGen      total 36864K, used 5104K [0x00000000d7180000, 0x00000000db980000, 0x0000000100000000)
  eden space 31744K, 0% used [0x00000000d7180000,0x00000000d7180000,0x00000000d9080000)
  from space 5120K, 99% used [0x00000000d9080000,0x00000000d957c090,0x00000000d9580000)
  to   space 5120K, 0% used [0x00000000db480000,0x00000000db480000,0x00000000db980000)
 ParOldGen       total 84992K, used 3616K [0x0000000085400000, 0x000000008a700000, 0x00000000d7180000)
  object space 84992K, 4% used [0x0000000085400000,0x00000000857882a0,0x000000008a700000)
 Metaspace       used 20321K, capacity 21224K, committed 21248K, reserved 1067008K
  class space    used 2832K, capacity 3055K, committed 3072K, reserved 1048576K
Event: 5.621 GC heap after
Heap after GC invocations=4 (full 1):
 PSYoungGen      total 36864K, used 0K [0x00000000d7180000, 0x00000000db980000, 0x0000000100000000)
  eden space 31744K, 0% used [0x00000000d7180000,0x00000000d7180000,0x00000000d9080000)
  from space 5120K, 0% used [0x00000000d9080000,0x00000000d9080000,0x00000000d9580000)
  to   space 5120K, 0% used [0x00000000db480000,0x00000000db480000,0x00000000db980000)
 ParOldGen       total 47104K, used 8421K [0x0000000085400000, 0x0000000088200000, 0x00000000d7180000)
  object space 47104K, 17% used [0x0000000085400000,0x0000000085c396f0,0x0000000088200000)
 Metaspace       used 20321K, capacity 21224K, committed 21248K, reserved 1067008K
  class space    used 2832K, capacity 3055K, committed 3072K, reserved 1048576K
}

